info @storybook/react v6.5.16
info 
info => Cleaning outputDir: /var/folders/hp/2f3gtg5n3t3b_rc97_3dq8t00000gn/T/chromatic--79699-2HEqnbB80B88
info => Loading presets
info => Compiling manager..
info => Compiling preview..
info Addon-docs: using MDX1
info => Using implicit CSS loaders
info => Using default Webpack5 setup
<s> [webpack.Progress] 0% 

<s> [webpack.Progress] 1% setup before run
<s> [webpack.Progress] 1% setup before run NodeEnvironmentPlugin
<s> [webpack.Progress] 1% setup before run
<s> [webpack.Progress] 2% setup run
<s> [webpack.Progress] 2% setup run
<s> [webpack.Progress] 4% setup normal module factory
<s> [webpack.Progress] 4% setup normal module factory CaseSensitivePathsPlugin
<s> [webpack.Progress] 4% setup normal module factory
<s> [webpack.Progress] 5% setup context module factory
<s> [webpack.Progress] 5% setup context module factory
<s> [webpack.Progress] 6% setup before compile
<s> [webpack.Progress] 6% setup before compile ProgressPlugin
<s> [webpack.Progress] 6% setup before compile
<s> [webpack.Progress] 7% setup compile
<s> [webpack.Progress] 7% setup compile ExternalsPlugin
<s> [webpack.Progress] 7% setup compile
<s> [webpack.Progress] 8% setup compilation
<s> [webpack.Progress] 8% setup compilation ArrayPushCallbackChunkFormatPlugin
<s> [webpack.Progress] 8% setup compilation JsonpChunkLoadingPlugin
<s> [webpack.Progress] 8% setup compilation StartupChunkDependenciesPlugin
<s> [webpack.Progress] 8% setup compilation ImportScriptsChunkLoadingPlugin
<s> [webpack.Progress] 8% setup compilation FetchCompileWasmPlugin
<s> [webpack.Progress] 8% setup compilation FetchCompileAsyncWasmPlugin
<s> [webpack.Progress] 8% setup compilation WorkerPlugin
<s> [webpack.Progress] 8% setup compilation SplitChunksPlugin
<s> [webpack.Progress] 8% setup compilation RuntimeChunkPlugin
<s> [webpack.Progress] 8% setup compilation ResolverCachePlugin
<s> [webpack.Progress] 8% setup compilation HtmlWebpackPlugin
<s> [webpack.Progress] 8% setup compilation
<s> [webpack.Progress] 9% setup compilation
<s> [webpack.Progress] 9% setup compilation DefinePlugin
<s> [webpack.Progress] 9% setup compilation ProvidePlugin
<s> [webpack.Progress] 9% setup compilation ProgressPlugin
<s> [webpack.Progress] 9% setup compilation DocGenPlugin
<s> [webpack.Progress] 9% setup compilation ChunkPrefetchPreloadPlugin
<s> [webpack.Progress] 9% setup compilation SourceMapDevToolPlugin
<s> [webpack.Progress] 9% setup compilation JavascriptModulesPlugin
<s> [webpack.Progress] 9% setup compilation JsonModulesPlugin
<s> [webpack.Progress] 9% setup compilation AssetModulesPlugin
<s> [webpack.Progress] 9% setup compilation EntryPlugin
<s> [webpack.Progress] 9% setup compilation EntryPlugin
<s> [webpack.Progress] 9% setup compilation EntryPlugin
<s> [webpack.Progress] 9% setup compilation RuntimePlugin
<s> [webpack.Progress] 9% setup compilation InferAsyncModulesPlugin
<s> [webpack.Progress] 9% setup compilation DataUriPlugin
<s> [webpack.Progress] 9% setup compilation FileUriPlugin
<s> [webpack.Progress] 9% setup compilation CompatibilityPlugin
<s> [webpack.Progress] 9% setup compilation HarmonyModulesPlugin
<s> [webpack.Progress] 9% setup compilation AMDPlugin
<s> [webpack.Progress] 9% setup compilation RequireJsStuffPlugin
<s> [webpack.Progress] 9% setup compilation CommonJsPlugin
<s> [webpack.Progress] 9% setup compilation LoaderPlugin
<s> [webpack.Progress] 9% setup compilation LoaderPlugin
<s> [webpack.Progress] 9% setup compilation NodeStuffPlugin
<s> [webpack.Progress] 9% setup compilation APIPlugin
<s> [webpack.Progress] 9% setup compilation ExportsInfoApiPlugin
<s> [webpack.Progress] 9% setup compilation WebpackIsIncludedPlugin
<s> [webpack.Progress] 9% setup compilation ConstPlugin
<s> [webpack.Progress] 9% setup compilation UseStrictPlugin
<s> [webpack.Progress] 9% setup compilation RequireIncludePlugin
<s> [webpack.Progress] 9% setup compilation RequireEnsurePlugin
<s> [webpack.Progress] 9% setup compilation RequireContextPlugin
<s> [webpack.Progress] 9% setup compilation ImportPlugin
<s> [webpack.Progress] 9% setup compilation RequireContextPlugin
<s> [webpack.Progress] 9% setup compilation SystemPlugin
<s> [webpack.Progress] 9% setup compilation ImportMetaPlugin
<s> [webpack.Progress] 9% setup compilation URLPlugin
<s> [webpack.Progress] 9% setup compilation DefaultStatsFactoryPlugin
<s> [webpack.Progress] 9% setup compilation DefaultStatsPresetPlugin
<s> [webpack.Progress] 9% setup compilation DefaultStatsPrinterPlugin
<s> [webpack.Progress] 9% setup compilation JavascriptMetaInfoPlugin
<s> [webpack.Progress] 9% setup compilation EnsureChunkConditionsPlugin
<s> [webpack.Progress] 9% setup compilation RemoveEmptyChunksPlugin
<s> [webpack.Progress] 9% setup compilation MergeDuplicateChunksPlugin
<s> [webpack.Progress] 9% setup compilation FlagIncludedChunksPlugin
<s> [webpack.Progress] 9% setup compilation SideEffectsFlagPlugin
<s> [webpack.Progress] 9% setup compilation FlagDependencyExportsPlugin
<s> [webpack.Progress] 9% setup compilation FlagDependencyUsagePlugin
<s> [webpack.Progress] 9% setup compilation InnerGraphPlugin
<s> [webpack.Progress] 9% setup compilation MangleExportsPlugin
<s> [webpack.Progress] 9% setup compilation ModuleConcatenationPlugin
<s> [webpack.Progress] 9% setup compilation NoEmitOnErrorsPlugin
<s> [webpack.Progress] 9% setup compilation RealContentHashPlugin
<s> [webpack.Progress] 9% setup compilation WasmFinalizeExportsPlugin
<s> [webpack.Progress] 9% setup compilation NamedModuleIdsPlugin
<s> [webpack.Progress] 9% setup compilation DeterministicChunkIdsPlugin
<s> [webpack.Progress] 9% setup compilation DefinePlugin
<s> [webpack.Progress] 9% setup compilation TerserPlugin
<s> [webpack.Progress] 9% setup compilation TemplatedPathPlugin
<s> [webpack.Progress] 9% setup compilation RecordIdsPlugin
<s> [webpack.Progress] 9% setup compilation WarnCaseSensitiveModulesPlugin
<s> [webpack.Progress] 9% setup compilation IgnoreWarningsPlugin
<s> [webpack.Progress] 9% setup compilation
<s> [webpack.Progress] 10% building
<s> [webpack.Progress] 10% building 0/1 entries 0/0 dependencies 0/0 modules
<s> [webpack.Progress] 10% building import loader ./.yarn/__virtual__/babel-loader-virtual-b905c82599/0/cache/babel-loader-npm-8.3.0-a5239d7ed2-d48bcf9e03.zip/node_modules/babel-loader/lib/index.js
<s> [webpack.Progress] 10% building 0/3 entries 1/3 dependencies 0/1 modules
<s> [webpack.Progress] 17% building 1/3 entries 8/56 dependencies 2/6 modules
<s> [webpack.Progress] 28% building 1/3 entries 355/500 dependencies 6/150 modules
info 💡 Skipping stories/Page.stories.tsx: NoMetaError: CSF: missing default export /Applications/sosim/front/stories/Page.stories.tsx (line 1, col 0)
info 
info More info: https://storybook.js.org/docs/react/writing-stories/introduction#default-export
<s> [webpack.Progress] 28% building 1/3 entries 573/765 dependencies 11/200 modules
<s> [webpack.Progress] 28% building import loader ./.yarn/__virtual__/babel-loader-virtual-624e5b86b1/0/cache/babel-loader-npm-8.3.0-a5239d7ed2-d48bcf9e03.zip/node_modules/babel-loader/lib/index.js
<s> [webpack.Progress] 28% building import loader ./.yarn/cache/@storybook-mdx1-csf-npm-0.0.1-c434339fe4-34f952f4d0.zip/node_modules/@storybook/mdx1-csf/loader.js
<s> [webpack.Progress] 28% building 1/3 entries 734/765 dependencies 12/244 modules
<s> [webpack.Progress] 28% building import loader ./.yarn/__virtual__/babel-loader-virtual-187951ff58/0/cache/babel-loader-npm-8.3.0-a5239d7ed2-d48bcf9e03.zip/node_modules/babel-loader/lib/index.js
<s> [webpack.Progress] 28% building 1/3 entries 734/765 dependencies 12/244 modules
<s> [webpack.Progress] 28% building import loader ./.yarn/__virtual__/@storybook-source-loader-virtual-0437abce63/0/cache/@storybook-source-loader-npm-6.5.16-c341d29a92-a299acdd6f.zip/node_modules/@storybook/source-loader/dist/cjs/index.js
<s> [webpack.Progress] 28% building 1/3 entries 734/765 dependencies 12/244 modules
<s> [webpack.Progress] 28% building 1/3 entries 1114/1400 dependencies 27/362 modules
<s> [webpack.Progress] 28% building 1/3 entries 1741/1900 dependencies 70/488 modules
<s> [webpack.Progress] 28% building import loader ./.yarn/cache/@svgr-webpack-npm-6.5.1-388a8b2a89-d10582eb4f.zip/node_modules/@svgr/webpack/dist/index.js
<s> [webpack.Progress] 28% building 1/3 entries 1946/1977 dependencies 86/539 modules
<s> [webpack.Progress] 28% building 1/3 entries 2373/2700 dependencies 222/623 modules
<s> [webpack.Progress] 28% building 1/3 entries 2900/2969 dependencies 285/689 modules
<s> [webpack.Progress] 28% building import loader ./.yarn/__virtual__/style-loader-virtual-e04bc13f91/0/cache/style-loader-npm-2.0.0-b9a5c4a2aa-21425246a5.zip/node_modules/style-loader/dist/cjs.js
<s> [webpack.Progress] 28% building import loader ./.yarn/__virtual__/css-loader-virtual-d71f923db3/0/cache/css-loader-npm-5.2.7-e1e8b8d16f-fb0742b30a.zip/node_modules/css-loader/dist/cjs.js
<s> [webpack.Progress] 28% building 1/3 entries 3159/3211 dependencies 357/743 modules
<s> [webpack.Progress] 28% building 1/3 entries 3678/3698 dependencies 517/900 modules
<s> [webpack.Progress] 28% building 1/3 entries 3976/4100 dependencies 602/945 modules
<s> [webpack.Progress] 28% building 1/3 entries 4672/4700 dependencies 850/1090 modules
<s> [webpack.Progress] 28% building 1/3 entries 5200/5243 dependencies 1014/1137 modules
<s> [webpack.Progress] 28% building 1/3 entries 5300/5492 dependencies 1018/1140 modules
<s> [webpack.Progress] 28% building 1/3 entries 5500/5535 dependencies 1039/1172 modules
<s> [webpack.Progress] 46% building 2/3 entries 5557/5589 dependencies 1073/1200 modules
<s> [webpack.Progress] 65% building 3/3 entries 5978/5978 dependencies 1272/1272 modules
<s> [webpack.Progress] 65% building
<s> [webpack.Progress] 69% building finish
<s> [webpack.Progress] 69% building finish
<s> [webpack.Progress] 70% sealing finish module graph
<s> [webpack.Progress] 70% sealing finish module graph ResolverCachePlugin
<s> [webpack.Progress] 70% sealing finish module graph InferAsyncModulesPlugin
<s> [webpack.Progress] 70% sealing finish module graph FlagDependencyExportsPlugin
<s> [webpack.Progress] 70% sealing finish module graph InnerGraphPlugin
<s> [webpack.Progress] 70% sealing finish module graph WasmFinalizeExportsPlugin
<s> [webpack.Progress] 70% sealing finish module graph
<s> [webpack.Progress] 70% sealing plugins
<s> [webpack.Progress] 70% sealing plugins DocGenPlugin
DeprecationWarning: 'createIdentifier' has been deprecated since v4.0.0. Use the appropriate method on 'ts.factory' or the 'factory' supplied by your transformation context instead.
DeprecationWarning: '' has been deprecated since v4.0.0. Use the appropriate method on 'ts.factory' or the 'factory' supplied by your transformation context instead.
DeprecationWarning: 'createLiteral' has been deprecated since v4.0.0. Use `factory.createStringLiteral`, `factory.createStringLiteralFromNode`, `factory.createNumericLiteral`, `factory.createBigIntLiteral`, `factory.createTrue`, `factory.createFalse`, or the factory supplied by your transformation context instead.
DeprecationWarning: 'createBinaryExpression' has been deprecated since v4.0.0. Use the appropriate method on 'ts.factory' or the 'factory' supplied by your transformation context instead.
DeprecationWarning: 'createExpressionStatement' has been deprecated since v4.0.0. Use the appropriate method on 'ts.factory' or the 'factory' supplied by your transformation context instead.
DeprecationWarning: 'createPropertyAssignment' has been deprecated since v4.0.0. Use the appropriate method on 'ts.factory' or the 'factory' supplied by your transformation context instead.
DeprecationWarning: 'createObjectLiteralExpression' has been deprecated since v4.0.0. Use the appropriate method on 'ts.factory' or the 'factory' supplied by your transformation context instead.
DeprecationWarning: 'createExpressionStatement' has been deprecated since v4.0.0. Use the appropriate method on 'ts.factory' or the 'factory' supplied by your transformation context instead.
DeprecationWarning: 'createTypeOfExpression' has been deprecated since v4.0.0. Use the appropriate method on 'ts.factory' or the 'factory' supplied by your transformation context instead.
DeprecationWarning: 'createElementAccessExpression' has been deprecated since v4.0.0. Use the appropriate method on 'ts.factory' or the 'factory' supplied by your transformation context instead.
DeprecationWarning: 'createIfStatement' has been deprecated since v4.0.0. Use the appropriate method on 'ts.factory' or the 'factory' supplied by your transformation context instead.
DeprecationWarning: 'createBlock' has been deprecated since v4.0.0. Use the appropriate method on 'ts.factory' or the 'factory' supplied by your transformation context instead.
DeprecationWarning: 'createVariableDeclaration' has been deprecated since v4.0.0. Use the appropriate method on 'ts.factory' or the 'factory' supplied by your transformation context instead.
DeprecationWarning: 'createCatchClause' has been deprecated since v4.0.0. Use the appropriate method on 'ts.factory' or the 'factory' supplied by your transformation context instead.
DeprecationWarning: 'createTryStatement' has been deprecated since v4.0.0. Use the appropriate method on 'ts.factory' or the 'factory' supplied by your transformation context instead.
DeprecationWarning: 'createFalse' has been deprecated since v4.0.0. Use the appropriate method on 'ts.factory' or the 'factory' supplied by your transformation context instead.
DeprecationWarning: 'createNull' has been deprecated since v4.0.0. Use the appropriate method on 'ts.factory' or the 'factory' supplied by your transformation context instead.
DeprecationWarning: 'createArrayLiteralExpression' has been deprecated since v4.0.0. Use the appropriate method on 'ts.factory' or the 'factory' supplied by your transformation context instead.
DeprecationWarning: 'createTrue' has been deprecated since v4.0.0. Use the appropriate method on 'ts.factory' or the 'factory' supplied by your transformation context instead.
<s> [webpack.Progress] 70% sealing plugins WarnCaseSensitiveModulesPlugin
<s> [webpack.Progress] 70% sealing plugins
<s> [webpack.Progress] 71% sealing dependencies optimization
<s> [webpack.Progress] 71% sealing dependencies optimization SideEffectsFlagPlugin
<s> [webpack.Progress] 71% sealing dependencies optimization FlagDependencyUsagePlugin
<s> [webpack.Progress] 71% sealing dependencies optimization
<s> [webpack.Progress] 71% sealing after dependencies optimization
<s> [webpack.Progress] 71% sealing after dependencies optimization
<s> [webpack.Progress] 72% sealing chunk graph
<s> [webpack.Progress] 72% sealing chunk graph
<s> [webpack.Progress] 73% sealing after chunk graph
<s> [webpack.Progress] 73% sealing after chunk graph
<s> [webpack.Progress] 73% sealing optimizing
<s> [webpack.Progress] 73% sealing optimizing
<s> [webpack.Progress] 74% sealing module optimization
<s> [webpack.Progress] 74% sealing module optimization
<s> [webpack.Progress] 75% sealing after module optimization
<s> [webpack.Progress] 75% sealing after module optimization
<s> [webpack.Progress] 75% sealing chunk optimization
<s> [webpack.Progress] 75% sealing chunk optimization EnsureChunkConditionsPlugin
<s> [webpack.Progress] 75% sealing chunk optimization RemoveEmptyChunksPlugin
<s> [webpack.Progress] 75% sealing chunk optimization MergeDuplicateChunksPlugin
<s> [webpack.Progress] 75% sealing chunk optimization SplitChunksPlugin
<s> [webpack.Progress] 75% sealing chunk optimization RemoveEmptyChunksPlugin
<s> [webpack.Progress] 75% sealing chunk optimization
<s> [webpack.Progress] 76% sealing after chunk optimization
<s> [webpack.Progress] 76% sealing after chunk optimization
<s> [webpack.Progress] 77% sealing module and chunk tree optimization
<s> [webpack.Progress] 77% sealing module and chunk tree optimization PersistentChildCompilerSingletonPlugin
<s> [webpack.Progress] 77% sealing module and chunk tree optimization
<s> [webpack.Progress] 77% sealing after module and chunk tree optimization
<s> [webpack.Progress] 77% sealing after module and chunk tree optimization
<s> [webpack.Progress] 78% sealing chunk modules optimization
<s> [webpack.Progress] 78% sealing chunk modules optimization ModuleConcatenationPlugin
<s> [webpack.Progress] 78% sealing chunk modules optimization
<s> [webpack.Progress] 78% sealing after chunk modules optimization
<s> [webpack.Progress] 78% sealing after chunk modules optimization
<s> [webpack.Progress] 79% sealing module reviving
<s> [webpack.Progress] 79% sealing module reviving RecordIdsPlugin
<s> [webpack.Progress] 79% sealing module reviving
<s> [webpack.Progress] 80% sealing before module ids
<s> [webpack.Progress] 80% sealing before module ids
<s> [webpack.Progress] 80% sealing module ids
<s> [webpack.Progress] 80% sealing module ids NamedModuleIdsPlugin
<s> [webpack.Progress] 80% sealing module ids
<s> [webpack.Progress] 81% sealing module id optimization
<s> [webpack.Progress] 81% sealing module id optimization
<s> [webpack.Progress] 82% sealing module id optimization
<s> [webpack.Progress] 82% sealing module id optimization
<s> [webpack.Progress] 82% sealing chunk reviving
<s> [webpack.Progress] 82% sealing chunk reviving RecordIdsPlugin
<s> [webpack.Progress] 82% sealing chunk reviving
<s> [webpack.Progress] 83% sealing before chunk ids
<s> [webpack.Progress] 83% sealing before chunk ids
<s> [webpack.Progress] 84% sealing chunk ids
<s> [webpack.Progress] 84% sealing chunk ids DeterministicChunkIdsPlugin
<s> [webpack.Progress] 84% sealing chunk ids
<s> [webpack.Progress] 84% sealing chunk id optimization
<s> [webpack.Progress] 84% sealing chunk id optimization FlagIncludedChunksPlugin
<s> [webpack.Progress] 84% sealing chunk id optimization
<s> [webpack.Progress] 85% sealing after chunk id optimization
<s> [webpack.Progress] 85% sealing after chunk id optimization
<s> [webpack.Progress] 86% sealing record modules
<s> [webpack.Progress] 86% sealing record modules RecordIdsPlugin
<s> [webpack.Progress] 86% sealing record modules
<s> [webpack.Progress] 86% sealing record chunks
<s> [webpack.Progress] 86% sealing record chunks RecordIdsPlugin
<s> [webpack.Progress] 86% sealing record chunks
<s> [webpack.Progress] 87% sealing module hashing
<s> [webpack.Progress] 87% sealing module hashing
<s> [webpack.Progress] 87% sealing code generation
<s> [webpack.Progress] 87% sealing code generation
<s> [webpack.Progress] 88% sealing runtime requirements
<s> [webpack.Progress] 88% sealing runtime requirements
<s> [webpack.Progress] 89% sealing hashing
<s> [webpack.Progress] 89% sealing hashing
<s> [webpack.Progress] 89% sealing after hashing
<s> [webpack.Progress] 89% sealing after hashing
<s> [webpack.Progress] 90% sealing record hash
<s> [webpack.Progress] 90% sealing record hash
<s> [webpack.Progress] 91% sealing module assets processing
<s> [webpack.Progress] 91% sealing module assets processing
<s> [webpack.Progress] 91% sealing chunk assets processing
<s> [webpack.Progress] 91% sealing chunk assets processing
<s> [webpack.Progress] 92% sealing asset processing
<s> [webpack.Progress] 92% sealing asset processing PersistentChildCompilerSingletonPlugin
<s> [webpack.Progress] 92% sealing asset processing TerserPlugin
info => Manager built (15 s)
<s> [webpack.Progress] 92% sealing asset processing SourceMapDevToolPlugin
<s> [webpack.Progress] 92% sealing asset processing SourceMapDevToolPlugin
<s> [webpack.Progress] 92% sealing asset processing SourceMapDevToolPlugin main.5504c3f6.iframe.bundle.js generate SourceMap
<s> [webpack.Progress] 92% sealing asset processing SourceMapDevToolPlugin main.5504c3f6.iframe.bundle.js generated SourceMap
<s> [webpack.Progress] 92% sealing asset processing SourceMapDevToolPlugin runtime~main.ac2d9013.iframe.bundle.js generate SourceMap
<s> [webpack.Progress] 92% sealing asset processing SourceMapDevToolPlugin runtime~main.ac2d9013.iframe.bundle.js generated SourceMap
<s> [webpack.Progress] 92% sealing asset processing SourceMapDevToolPlugin stories-Introduction-stories-mdx.96b3f37c.iframe.bundle.js generate SourceMap
<s> [webpack.Progress] 92% sealing asset processing SourceMapDevToolPlugin stories-Introduction-stories-mdx.96b3f37c.iframe.bundle.js generated SourceMap
<s> [webpack.Progress] 92% sealing asset processing SourceMapDevToolPlugin common-Modal-CreateGroupModal-index-stories.b7e91162.iframe.bundle.js generate SourceMap
<s> [webpack.Progress] 92% sealing asset processing SourceMapDevToolPlugin common-Modal-CreateGroupModal-index-stories.b7e91162.iframe.bundle.js generated SourceMap
<s> [webpack.Progress] 92% sealing asset processing SourceMapDevToolPlugin common-Modal-GroupSettingModal-AdminModal-index-stories.e4521801.iframe.bundle.js generate SourceMap
<s> [webpack.Progress] 92% sealing asset processing SourceMapDevToolPlugin common-Modal-GroupSettingModal-AdminModal-index-stories.e4521801.iframe.bundle.js generated SourceMap
<s> [webpack.Progress] 92% sealing asset processing SourceMapDevToolPlugin common-Modal-InvitationModal-index-stories.e4b52c11.iframe.bundle.js generate SourceMap
<s> [webpack.Progress] 92% sealing asset processing SourceMapDevToolPlugin common-Modal-InvitationModal-index-stories.e4b52c11.iframe.bundle.js generated SourceMap
<s> [webpack.Progress] 92% sealing asset processing SourceMapDevToolPlugin common-Modal-LoginModal-index-stories.7ccc04c5.iframe.bundle.js generate SourceMap
<s> [webpack.Progress] 92% sealing asset processing SourceMapDevToolPlugin common-Modal-LoginModal-index-stories.7ccc04c5.iframe.bundle.js generated SourceMap
<s> [webpack.Progress] 92% sealing asset processing SourceMapDevToolPlugin pages-FineBook-components-DetailFine-components-InviteModal-index-stories.28462a69.iframe.bundle.js generate SourceMap
<s> [webpack.Progress] 92% sealing asset processing SourceMapDevToolPlugin pages-FineBook-components-DetailFine-components-InviteModal-index-stories.28462a69.iframe.bundle.js generated SourceMap
<s> [webpack.Progress] 92% sealing asset processing SourceMapDevToolPlugin pages-Home-components-Card-AddCard-index-stories.dc51b1ce.iframe.bundle.js generate SourceMap
<s> [webpack.Progress] 92% sealing asset processing SourceMapDevToolPlugin pages-Home-components-Card-AddCard-index-stories.dc51b1ce.iframe.bundle.js generated SourceMap
<s> [webpack.Progress] 92% sealing asset processing SourceMapDevToolPlugin pages-Home-components-Card-GroupCard-index-stories.c4409ade.iframe.bundle.js generate SourceMap
<s> [webpack.Progress] 92% sealing asset processing SourceMapDevToolPlugin pages-Home-components-Card-GroupCard-index-stories.c4409ade.iframe.bundle.js generated SourceMap
<s> [webpack.Progress] 92% sealing asset processing SourceMapDevToolPlugin pages-Home-components-Header-index-stories.a27f5e61.iframe.bundle.js generate SourceMap
<s> [webpack.Progress] 92% sealing asset processing SourceMapDevToolPlugin pages-Home-components-Header-index-stories.a27f5e61.iframe.bundle.js generated SourceMap
<s> [webpack.Progress] 92% sealing asset processing SourceMapDevToolPlugin stories-Button-stories.2191dd58.iframe.bundle.js generate SourceMap
<s> [webpack.Progress] 92% sealing asset processing SourceMapDevToolPlugin stories-Button-stories.2191dd58.iframe.bundle.js generated SourceMap
<s> [webpack.Progress] 92% sealing asset processing SourceMapDevToolPlugin stories-Page-stories.1453014c.iframe.bundle.js generate SourceMap
<s> [webpack.Progress] 92% sealing asset processing SourceMapDevToolPlugin stories-Page-stories.1453014c.iframe.bundle.js generated SourceMap
<s> [webpack.Progress] 92% sealing asset processing SourceMapDevToolPlugin 824.bfe0c6c2.iframe.bundle.js generate SourceMap
<s> [webpack.Progress] 92% sealing asset processing SourceMapDevToolPlugin 824.bfe0c6c2.iframe.bundle.js generated SourceMap
<s> [webpack.Progress] 92% sealing asset processing SourceMapDevToolPlugin 274.f6f34d7e.iframe.bundle.js generate SourceMap
<s> [webpack.Progress] 92% sealing asset processing SourceMapDevToolPlugin 274.f6f34d7e.iframe.bundle.js generated SourceMap
<s> [webpack.Progress] 92% sealing asset processing SourceMapDevToolPlugin 204.f7e8650a.iframe.bundle.js generate SourceMap
<s> [webpack.Progress] 92% sealing asset processing SourceMapDevToolPlugin 204.f7e8650a.iframe.bundle.js generated SourceMap
<s> [webpack.Progress] 92% sealing asset processing SourceMapDevToolPlugin 828.be5e8ae3.iframe.bundle.js generate SourceMap
<s> [webpack.Progress] 92% sealing asset processing SourceMapDevToolPlugin 828.be5e8ae3.iframe.bundle.js generated SourceMap
<s> [webpack.Progress] 92% sealing asset processing SourceMapDevToolPlugin 787.b2c62f4c.iframe.bundle.js generate SourceMap
<s> [webpack.Progress] 92% sealing asset processing SourceMapDevToolPlugin 787.b2c62f4c.iframe.bundle.js generated SourceMap
<s> [webpack.Progress] 92% sealing asset processing SourceMapDevToolPlugin 858.d9a1123c.iframe.bundle.js generate SourceMap
<s> [webpack.Progress] 92% sealing asset processing SourceMapDevToolPlugin 858.d9a1123c.iframe.bundle.js generated SourceMap
<s> [webpack.Progress] 92% sealing asset processing SourceMapDevToolPlugin 271.b0c185d6.iframe.bundle.js generate SourceMap
<s> [webpack.Progress] 92% sealing asset processing SourceMapDevToolPlugin 271.b0c185d6.iframe.bundle.js generated SourceMap
<s> [webpack.Progress] 92% sealing asset processing SourceMapDevToolPlugin 825.0908a6c9.iframe.bundle.js generate SourceMap
<s> [webpack.Progress] 92% sealing asset processing SourceMapDevToolPlugin 825.0908a6c9.iframe.bundle.js generated SourceMap
<s> [webpack.Progress] 92% sealing asset processing SourceMapDevToolPlugin 904.63384a0a.iframe.bundle.js generate SourceMap
<s> [webpack.Progress] 92% sealing asset processing SourceMapDevToolPlugin 904.63384a0a.iframe.bundle.js generated SourceMap
<s> [webpack.Progress] 92% sealing asset processing SourceMapDevToolPlugin 910.9cf01bda.iframe.bundle.js generate SourceMap
<s> [webpack.Progress] 92% sealing asset processing SourceMapDevToolPlugin 910.9cf01bda.iframe.bundle.js generated SourceMap
<s> [webpack.Progress] 92% sealing asset processing SourceMapDevToolPlugin 959.ba541b7c.iframe.bundle.js generate SourceMap
<s> [webpack.Progress] 92% sealing asset processing SourceMapDevToolPlugin 959.ba541b7c.iframe.bundle.js generated SourceMap
<s> [webpack.Progress] 92% sealing asset processing SourceMapDevToolPlugin 103.59afb650.iframe.bundle.js generate SourceMap
<s> [webpack.Progress] 92% sealing asset processing SourceMapDevToolPlugin 103.59afb650.iframe.bundle.js generated SourceMap
<s> [webpack.Progress] 92% sealing asset processing SourceMapDevToolPlugin 368.32aa2554.iframe.bundle.js generate SourceMap
<s> [webpack.Progress] 92% sealing asset processing SourceMapDevToolPlugin 368.32aa2554.iframe.bundle.js generated SourceMap
<s> [webpack.Progress] 92% sealing asset processing SourceMapDevToolPlugin 686.c406f3d1.iframe.bundle.js generate SourceMap
<s> [webpack.Progress] 92% sealing asset processing SourceMapDevToolPlugin 686.c406f3d1.iframe.bundle.js generated SourceMap
<s> [webpack.Progress] 92% sealing asset processing SourceMapDevToolPlugin 613.c7ed844c.iframe.bundle.js generate SourceMap
<s> [webpack.Progress] 92% sealing asset processing SourceMapDevToolPlugin 613.c7ed844c.iframe.bundle.js generated SourceMap
<s> [webpack.Progress] 92% sealing asset processing SourceMapDevToolPlugin resolve sources
<s> [webpack.Progress] 92% sealing asset processing SourceMapDevToolPlugin
<s> [webpack.Progress] 92% sealing asset processing HtmlWebpackPlugin
<s> [webpack.Progress] 92% sealing asset processing HtmlWebpackPlugin
<s> [webpack.Progress] 92% sealing asset processing HtmlWebpackPlugin resolve sources
<s> [webpack.Progress] 92% sealing asset processing HtmlWebpackPlugin
<s> [webpack.Progress] 92% sealing asset processing RealContentHashPlugin
<s> [webpack.Progress] 92% sealing asset processing RealContentHashPlugin
<s> [webpack.Progress] 92% sealing asset processing RealContentHashPlugin runtime~main.ec286052.iframe.bundle.js generate SourceMap
<s> [webpack.Progress] 92% sealing asset processing RealContentHashPlugin runtime~main.ec286052.iframe.bundle.js generated SourceMap
<s> [webpack.Progress] 92% sealing asset processing RealContentHashPlugin stories-Introduction-stories-mdx.3cbd10b9.iframe.bundle.js generate SourceMap
<s> [webpack.Progress] 92% sealing asset processing RealContentHashPlugin stories-Introduction-stories-mdx.3cbd10b9.iframe.bundle.js generated SourceMap
<s> [webpack.Progress] 92% sealing asset processing RealContentHashPlugin common-Modal-CreateGroupModal-index-stories.7a5bc826.iframe.bundle.js generate SourceMap
<s> [webpack.Progress] 92% sealing asset processing RealContentHashPlugin common-Modal-CreateGroupModal-index-stories.7a5bc826.iframe.bundle.js generated SourceMap
<s> [webpack.Progress] 92% sealing asset processing RealContentHashPlugin common-Modal-GroupSettingModal-AdminModal-index-stories.40690053.iframe.bundle.js generate SourceMap
<s> [webpack.Progress] 92% sealing asset processing RealContentHashPlugin common-Modal-GroupSettingModal-AdminModal-index-stories.40690053.iframe.bundle.js generated SourceMap
<s> [webpack.Progress] 92% sealing asset processing RealContentHashPlugin common-Modal-InvitationModal-index-stories.0c07db0e.iframe.bundle.js generate SourceMap
<s> [webpack.Progress] 92% sealing asset processing RealContentHashPlugin common-Modal-InvitationModal-index-stories.0c07db0e.iframe.bundle.js generated SourceMap
<s> [webpack.Progress] 92% sealing asset processing RealContentHashPlugin common-Modal-LoginModal-index-stories.a4e036e2.iframe.bundle.js generate SourceMap
<s> [webpack.Progress] 92% sealing asset processing RealContentHashPlugin common-Modal-LoginModal-index-stories.a4e036e2.iframe.bundle.js generated SourceMap
<s> [webpack.Progress] 92% sealing asset processing RealContentHashPlugin pages-FineBook-components-DetailFine-components-InviteModal-index-stories.acb805d8.iframe.bundle.js generate SourceMap
<s> [webpack.Progress] 92% sealing asset processing RealContentHashPlugin pages-FineBook-components-DetailFine-components-InviteModal-index-stories.acb805d8.iframe.bundle.js generated SourceMap
<s> [webpack.Progress] 92% sealing asset processing RealContentHashPlugin pages-Home-components-Card-AddCard-index-stories.0a674ee6.iframe.bundle.js generate SourceMap
<s> [webpack.Progress] 92% sealing asset processing RealContentHashPlugin pages-Home-components-Card-AddCard-index-stories.0a674ee6.iframe.bundle.js generated SourceMap
<s> [webpack.Progress] 92% sealing asset processing RealContentHashPlugin pages-Home-components-Card-GroupCard-index-stories.f98416cd.iframe.bundle.js generate SourceMap
<s> [webpack.Progress] 92% sealing asset processing RealContentHashPlugin pages-Home-components-Card-GroupCard-index-stories.f98416cd.iframe.bundle.js generated SourceMap
<s> [webpack.Progress] 92% sealing asset processing RealContentHashPlugin pages-Home-components-Header-index-stories.8165ecca.iframe.bundle.js generate SourceMap
<s> [webpack.Progress] 92% sealing asset processing RealContentHashPlugin pages-Home-components-Header-index-stories.8165ecca.iframe.bundle.js generated SourceMap
<s> [webpack.Progress] 92% sealing asset processing RealContentHashPlugin stories-Button-stories.1c2cc2af.iframe.bundle.js generate SourceMap
<s> [webpack.Progress] 92% sealing asset processing RealContentHashPlugin stories-Button-stories.1c2cc2af.iframe.bundle.js generated SourceMap
<s> [webpack.Progress] 92% sealing asset processing RealContentHashPlugin stories-Page-stories.99ced517.iframe.bundle.js generate SourceMap
<s> [webpack.Progress] 92% sealing asset processing RealContentHashPlugin stories-Page-stories.99ced517.iframe.bundle.js generated SourceMap
<s> [webpack.Progress] 92% sealing asset processing RealContentHashPlugin 824.23767747.iframe.bundle.js generate SourceMap
<s> [webpack.Progress] 92% sealing asset processing RealContentHashPlugin 824.23767747.iframe.bundle.js generated SourceMap
<s> [webpack.Progress] 92% sealing asset processing RealContentHashPlugin 204.dbf42358.iframe.bundle.js generate SourceMap
<s> [webpack.Progress] 92% sealing asset processing RealContentHashPlugin 204.dbf42358.iframe.bundle.js generated SourceMap
<s> [webpack.Progress] 92% sealing asset processing RealContentHashPlugin 858.99210e37.iframe.bundle.js generate SourceMap
<s> [webpack.Progress] 92% sealing asset processing RealContentHashPlugin 858.99210e37.iframe.bundle.js generated SourceMap
<s> [webpack.Progress] 92% sealing asset processing RealContentHashPlugin 825.794a28b5.iframe.bundle.js generate SourceMap
<s> [webpack.Progress] 92% sealing asset processing RealContentHashPlugin 825.794a28b5.iframe.bundle.js generated SourceMap
<s> [webpack.Progress] 92% sealing asset processing RealContentHashPlugin 904.4ae7c5c9.iframe.bundle.js generate SourceMap
<s> [webpack.Progress] 92% sealing asset processing RealContentHashPlugin 904.4ae7c5c9.iframe.bundle.js generated SourceMap
<s> [webpack.Progress] 92% sealing asset processing RealContentHashPlugin 368.2270552b.iframe.bundle.js generate SourceMap
<s> [webpack.Progress] 92% sealing asset processing RealContentHashPlugin 368.2270552b.iframe.bundle.js generated SourceMap
<s> [webpack.Progress] 92% sealing asset processing RealContentHashPlugin 613.5b4d93ee.iframe.bundle.js generate SourceMap
<s> [webpack.Progress] 92% sealing asset processing RealContentHashPlugin 613.5b4d93ee.iframe.bundle.js generated SourceMap
<s> [webpack.Progress] 92% sealing asset processing RealContentHashPlugin main.9d61e6b8.iframe.bundle.js generate SourceMap
<s> [webpack.Progress] 92% sealing asset processing RealContentHashPlugin main.9d61e6b8.iframe.bundle.js generated SourceMap
<s> [webpack.Progress] 92% sealing asset processing RealContentHashPlugin 274.263c12f1.iframe.bundle.js generate SourceMap
<s> [webpack.Progress] 92% sealing asset processing RealContentHashPlugin 274.263c12f1.iframe.bundle.js generated SourceMap
<s> [webpack.Progress] 92% sealing asset processing RealContentHashPlugin 828.8654831a.iframe.bundle.js generate SourceMap
<s> [webpack.Progress] 92% sealing asset processing RealContentHashPlugin 828.8654831a.iframe.bundle.js generated SourceMap
<s> [webpack.Progress] 92% sealing asset processing RealContentHashPlugin 787.44ab99c7.iframe.bundle.js generate SourceMap
<s> [webpack.Progress] 92% sealing asset processing RealContentHashPlugin 787.44ab99c7.iframe.bundle.js generated SourceMap
<s> [webpack.Progress] 92% sealing asset processing RealContentHashPlugin 271.6963303e.iframe.bundle.js generate SourceMap
<s> [webpack.Progress] 92% sealing asset processing RealContentHashPlugin 271.6963303e.iframe.bundle.js generated SourceMap
<s> [webpack.Progress] 92% sealing asset processing RealContentHashPlugin 910.19d6ae06.iframe.bundle.js generate SourceMap
<s> [webpack.Progress] 92% sealing asset processing RealContentHashPlugin 910.19d6ae06.iframe.bundle.js generated SourceMap
<s> [webpack.Progress] 92% sealing asset processing RealContentHashPlugin 959.c4120daa.iframe.bundle.js generate SourceMap
<s> [webpack.Progress] 92% sealing asset processing RealContentHashPlugin 959.c4120daa.iframe.bundle.js generated SourceMap
<s> [webpack.Progress] 92% sealing asset processing RealContentHashPlugin 103.80d18a31.iframe.bundle.js generate SourceMap
<s> [webpack.Progress] 92% sealing asset processing RealContentHashPlugin 103.80d18a31.iframe.bundle.js generated SourceMap
<s> [webpack.Progress] 92% sealing asset processing RealContentHashPlugin 686.ddf96d53.iframe.bundle.js generate SourceMap
<s> [webpack.Progress] 92% sealing asset processing RealContentHashPlugin 686.ddf96d53.iframe.bundle.js generated SourceMap
<s> [webpack.Progress] 92% sealing asset processing RealContentHashPlugin resolve sources
<s> [webpack.Progress] 92% sealing asset processing RealContentHashPlugin
<s> [webpack.Progress] 92% sealing asset processing
<s> [webpack.Progress] 93% sealing after asset optimization
<s> [webpack.Progress] 93% sealing after asset optimization
<s> [webpack.Progress] 93% sealing recording
<s> [webpack.Progress] 93% sealing recording
<s> [webpack.Progress] 94% sealing after seal
<s> [webpack.Progress] 94% sealing after seal
<s> [webpack.Progress] 95% emitting emit
<s> [webpack.Progress] 95% emitting emit
<s> [webpack.Progress] 98% emitting after emit
<s> [webpack.Progress] 98% emitting after emit SizeLimitsPlugin
<s> [webpack.Progress] 98% emitting after emit
<s> [webpack.Progress] 99% done plugins
<s> [webpack.Progress] 99% done plugins CaseSensitivePathsPlugin
<s> [webpack.Progress] 99% done plugins
<s> [webpack.Progress] 99% 

<s> [webpack.Progress] 99% cache store build dependencies
<s> [webpack.Progress] 99% cache store build dependencies
<s> [webpack.Progress] 99% cache begin idle
<s> [webpack.Progress] 99% cache begin idle
<s> [webpack.Progress] 100% 

info => Preview built (18 s)
WARN export 'mdx' (imported as 'mdx') was not found in '@mdx-js/react' (possible exports: MDXContext, MDXProvider, useMDXComponents, withMDXComponents)
WARN export 'mdx' (imported as 'mdx') was not found in '@mdx-js/react' (possible exports: MDXContext, MDXProvider, useMDXComponents, withMDXComponents)
WARN export 'mdx' (imported as 'mdx') was not found in '@mdx-js/react' (possible exports: MDXContext, MDXProvider, useMDXComponents, withMDXComponents)
WARN export 'mdx' (imported as 'mdx') was not found in '@mdx-js/react' (possible exports: MDXContext, MDXProvider, useMDXComponents, withMDXComponents)
WARN export 'mdx' (imported as 'mdx') was not found in '@mdx-js/react' (possible exports: MDXContext, MDXProvider, useMDXComponents, withMDXComponents)
WARN export 'mdx' (imported as 'mdx') was not found in '@mdx-js/react' (possible exports: MDXContext, MDXProvider, useMDXComponents, withMDXComponents)
WARN export 'mdx' (imported as 'mdx') was not found in '@mdx-js/react' (possible exports: MDXContext, MDXProvider, useMDXComponents, withMDXComponents)
WARN export 'mdx' (imported as 'mdx') was not found in '@mdx-js/react' (possible exports: MDXContext, MDXProvider, useMDXComponents, withMDXComponents)
WARN export 'mdx' (imported as 'mdx') was not found in '@mdx-js/react' (possible exports: MDXContext, MDXProvider, useMDXComponents, withMDXComponents)
WARN export 'mdx' (imported as 'mdx') was not found in '@mdx-js/react' (possible exports: MDXContext, MDXProvider, useMDXComponents, withMDXComponents)
WARN export 'mdx' (imported as 'mdx') was not found in '@mdx-js/react' (possible exports: MDXContext, MDXProvider, useMDXComponents, withMDXComponents)
WARN export 'mdx' (imported as 'mdx') was not found in '@mdx-js/react' (possible exports: MDXContext, MDXProvider, useMDXComponents, withMDXComponents)
WARN export 'mdx' (imported as 'mdx') was not found in '@mdx-js/react' (possible exports: MDXContext, MDXProvider, useMDXComponents, withMDXComponents)
WARN export 'mdx' (imported as 'mdx') was not found in '@mdx-js/react' (possible exports: MDXContext, MDXProvider, useMDXComponents, withMDXComponents)
WARN export 'mdx' (imported as 'mdx') was not found in '@mdx-js/react' (possible exports: MDXContext, MDXProvider, useMDXComponents, withMDXComponents)
WARN export 'mdx' (imported as 'mdx') was not found in '@mdx-js/react' (possible exports: MDXContext, MDXProvider, useMDXComponents, withMDXComponents)
WARN export 'mdx' (imported as 'mdx') was not found in '@mdx-js/react' (possible exports: MDXContext, MDXProvider, useMDXComponents, withMDXComponents)
WARN export 'mdx' (imported as 'mdx') was not found in '@mdx-js/react' (possible exports: MDXContext, MDXProvider, useMDXComponents, withMDXComponents)
WARN export 'mdx' (imported as 'mdx') was not found in '@mdx-js/react' (possible exports: MDXContext, MDXProvider, useMDXComponents, withMDXComponents)
WARN export 'mdx' (imported as 'mdx') was not found in '@mdx-js/react' (possible exports: MDXContext, MDXProvider, useMDXComponents, withMDXComponents)
WARN export 'mdx' (imported as 'mdx') was not found in '@mdx-js/react' (possible exports: MDXContext, MDXProvider, useMDXComponents, withMDXComponents)
WARN export 'mdx' (imported as 'mdx') was not found in '@mdx-js/react' (possible exports: MDXContext, MDXProvider, useMDXComponents, withMDXComponents)
WARN export 'mdx' (imported as 'mdx') was not found in '@mdx-js/react' (possible exports: MDXContext, MDXProvider, useMDXComponents, withMDXComponents)
WARN export 'mdx' (imported as 'mdx') was not found in '@mdx-js/react' (possible exports: MDXContext, MDXProvider, useMDXComponents, withMDXComponents)
WARN export 'mdx' (imported as 'mdx') was not found in '@mdx-js/react' (possible exports: MDXContext, MDXProvider, useMDXComponents, withMDXComponents)
WARN export 'mdx' (imported as 'mdx') was not found in '@mdx-js/react' (possible exports: MDXContext, MDXProvider, useMDXComponents, withMDXComponents)
WARN export 'mdx' (imported as 'mdx') was not found in '@mdx-js/react' (possible exports: MDXContext, MDXProvider, useMDXComponents, withMDXComponents)
WARN export 'mdx' (imported as 'mdx') was not found in '@mdx-js/react' (possible exports: MDXContext, MDXProvider, useMDXComponents, withMDXComponents)
WARN export 'mdx' (imported as 'mdx') was not found in '@mdx-js/react' (possible exports: MDXContext, MDXProvider, useMDXComponents, withMDXComponents)
WARN export 'mdx' (imported as 'mdx') was not found in '@mdx-js/react' (possible exports: MDXContext, MDXProvider, useMDXComponents, withMDXComponents)
WARN export 'mdx' (imported as 'mdx') was not found in '@mdx-js/react' (possible exports: MDXContext, MDXProvider, useMDXComponents, withMDXComponents)
WARN export 'mdx' (imported as 'mdx') was not found in '@mdx-js/react' (possible exports: MDXContext, MDXProvider, useMDXComponents, withMDXComponents)
WARN export 'mdx' (imported as 'mdx') was not found in '@mdx-js/react' (possible exports: MDXContext, MDXProvider, useMDXComponents, withMDXComponents)
WARN export 'mdx' (imported as 'mdx') was not found in '@mdx-js/react' (possible exports: MDXContext, MDXProvider, useMDXComponents, withMDXComponents)
WARN export 'mdx' (imported as 'mdx') was not found in '@mdx-js/react' (possible exports: MDXContext, MDXProvider, useMDXComponents, withMDXComponents)
WARN export 'mdx' (imported as 'mdx') was not found in '@mdx-js/react' (possible exports: MDXContext, MDXProvider, useMDXComponents, withMDXComponents)
WARN export 'mdx' (imported as 'mdx') was not found in '@mdx-js/react' (possible exports: MDXContext, MDXProvider, useMDXComponents, withMDXComponents)
WARN export 'mdx' (imported as 'mdx') was not found in '@mdx-js/react' (possible exports: MDXContext, MDXProvider, useMDXComponents, withMDXComponents)
WARN export 'mdx' (imported as 'mdx') was not found in '@mdx-js/react' (possible exports: MDXContext, MDXProvider, useMDXComponents, withMDXComponents)
WARN export 'mdx' (imported as 'mdx') was not found in '@mdx-js/react' (possible exports: MDXContext, MDXProvider, useMDXComponents, withMDXComponents)
WARN export 'mdx' (imported as 'mdx') was not found in '@mdx-js/react' (possible exports: MDXContext, MDXProvider, useMDXComponents, withMDXComponents)
WARN export 'mdx' (imported as 'mdx') was not found in '@mdx-js/react' (possible exports: MDXContext, MDXProvider, useMDXComponents, withMDXComponents)
WARN export 'mdx' (imported as 'mdx') was not found in '@mdx-js/react' (possible exports: MDXContext, MDXProvider, useMDXComponents, withMDXComponents)
WARN export 'mdx' (imported as 'mdx') was not found in '@mdx-js/react' (possible exports: MDXContext, MDXProvider, useMDXComponents, withMDXComponents)
WARN export 'mdx' (imported as 'mdx') was not found in '@mdx-js/react' (possible exports: MDXContext, MDXProvider, useMDXComponents, withMDXComponents)
WARN export 'mdx' (imported as 'mdx') was not found in '@mdx-js/react' (possible exports: MDXContext, MDXProvider, useMDXComponents, withMDXComponents)
WARN export 'mdx' (imported as 'mdx') was not found in '@mdx-js/react' (possible exports: MDXContext, MDXProvider, useMDXComponents, withMDXComponents)
WARN export 'mdx' (imported as 'mdx') was not found in '@mdx-js/react' (possible exports: MDXContext, MDXProvider, useMDXComponents, withMDXComponents)
WARN export 'mdx' (imported as 'mdx') was not found in '@mdx-js/react' (possible exports: MDXContext, MDXProvider, useMDXComponents, withMDXComponents)
WARN export 'mdx' (imported as 'mdx') was not found in '@mdx-js/react' (possible exports: MDXContext, MDXProvider, useMDXComponents, withMDXComponents)
WARN export 'mdx' (imported as 'mdx') was not found in '@mdx-js/react' (possible exports: MDXContext, MDXProvider, useMDXComponents, withMDXComponents)
WARN asset size limit: The following asset(s) exceed the recommended size limit (244 KiB).
WARN This can impact web performance.
WARN Assets: 
WARN   274.263c12f1.iframe.bundle.js (605 KiB)
WARN   787.44ab99c7.iframe.bundle.js (808 KiB)
WARN   103.80d18a31.iframe.bundle.js (1.82 MiB)
WARN entrypoint size limit: The following entrypoint(s) combined asset size exceeds the recommended limit (244 KiB). This can impact web performance.
WARN Entrypoints:
WARN   main (1.86 MiB)
WARN       runtime~main.ec286052.iframe.bundle.js
WARN       103.80d18a31.iframe.bundle.js
WARN       main.9d61e6b8.iframe.bundle.js
WARN 
<s> [webpack.Progress] 99% cache shutdown
<s> [webpack.Progress] 99% cache shutdown
<s> [webpack.Progress] 100% 

info => Output directory: /var/folders/hp/2f3gtg5n3t3b_rc97_3dq8t00000gn/T/chromatic--79699-2HEqnbB80B88
